<?xml version="1.0" encoding="UTF-8"?>
<testng-results ignored="1" total="5" passed="4" failed="0" skipped="0">
  <reporter-output>
  </reporter-output>
  <suite started-at="2022-03-16T16:03:43 IST" name="Suite" finished-at="2022-03-16T16:03:55 IST" duration-ms="12421">
    <groups>
    </groups>
    <test started-at="2022-03-16T16:03:43 IST" name="Test" finished-at="2022-03-16T16:03:55 IST" duration-ms="12421">
      <class name="TestNg.Ecommerce">
        <test-method signature="Login()[pri:1, instance:TestNg.Ecommerce@52102734]" started-at="2022-03-16T16:03:43 IST" name="Login" finished-at="2022-03-16T16:03:51 IST" duration-ms="8233" status="PASS">
          <reporter-output>
          </reporter-output>
        </test-method> <!-- Login -->
      </class> <!-- TestNg.Ecommerce -->
      <class name="TestNg.Trello">
        <test-method signature="createBoard()[pri:0, instance:TestNg.Trello@3541cb24]" started-at="2022-03-16T16:03:51 IST" name="createBoard" finished-at="2022-03-16T16:03:52 IST" duration-ms="1302" status="PASS">
          <reporter-output>
          </reporter-output>
        </test-method> <!-- createBoard -->
        <test-method signature="getboard()[pri:1, instance:TestNg.Trello@3541cb24]" started-at="2022-03-16T16:03:52 IST" name="getboard" finished-at="2022-03-16T16:03:53 IST" duration-ms="822" status="PASS">
          <reporter-output>
          </reporter-output>
        </test-method> <!-- getboard -->
        <test-method signature="DeleteBoard()[pri:2, instance:TestNg.Trello@3541cb24]" started-at="2022-03-16T16:03:53 IST" name="DeleteBoard" finished-at="2022-03-16T16:03:55 IST" duration-ms="1976" status="PASS">
          <reporter-output>
          </reporter-output>
        </test-method> <!-- DeleteBoard -->
      </class> <!-- TestNg.Trello -->
    </test> <!-- Test -->
  </suite> <!-- Suite -->
</testng-results>
