<?xml version="1.0" encoding="UTF-8"?>
<!-- Generated by org.testng.reporters.JUnitXMLReporter -->
<testsuite ignored="1" hostname="DESKTOP-6H66OCF" failures="0" tests="4" name="Test" time="12.421" errors="0" timestamp="2022-03-16T16:03:55 IST">
  <testcase classname="TestNg.Ecommerce" name="Login" time="8.233"/>
  <testcase classname="TestNg.Trello" name="createBoard" time="1.302"/>
  <testcase classname="TestNg.Trello" name="getboard" time="0.822"/>
  <testcase classname="TestNg.Trello" name="DeleteBoard" time="1.976"/>
  <testcase classname="TestNg.Ecommerce" name="signup" time="0.0">
    <ignored/>
  </testcase> <!-- signup -->
</testsuite> <!-- Test -->
